<?xml version="1.0" encoding="UTF-8"?>
<!-- Generated by org.testng.reporters.JUnitReportReporter -->
<testsuite hostname="DESKTOP-MQQN6CU" failures="0" tests="1" name="practice.automation.hardcode.section2.AlternateCheckBox" time="8.391" errors="0" timestamp="2022-05-18T12:08:13 IST" skipped="0">
  <testcase classname="practice.automation.hardcode.section2.AlternateCheckBox" name="checkBox" time="8.391"/>
  <system-out/>
</testsuite> <!-- practice.automation.hardcode.section2.AlternateCheckBox -->
