<?xml version="1.0" encoding="UTF-8"?>
<!-- Generated by org.testng.reporters.JUnitReportReporter -->
<testsuite hostname="Vineeth" failures="0" tests="1" name="practice.automation.hardcode.section2.KeyBoardStrokeHandling" time="43.196" errors="0" timestamp="2022-05-26T19:53:08 IST" skipped="0">
  <testcase classname="practice.automation.hardcode.section2.KeyBoardStrokeHandling" name="KeyboardHandle" time="43.196"/>
  <system-out/>
</testsuite> <!-- practice.automation.hardcode.section2.KeyBoardStrokeHandling -->
