<?xml version="1.0" encoding="UTF-8"?>
<!-- Generated by org.testng.reporters.JUnitReportReporter -->
<testsuite hostname="DESKTOP-MQQN6CU" failures="0" tests="1" name="practice.automation.hardcode.section2.MultipleElementsHandling" time="29.911" errors="0" timestamp="2022-05-14T20:38:20 IST" skipped="0">
  <testcase classname="practice.automation.hardcode.section2.MultipleElementsHandling" name="ElementsCapture" time="29.911"/>
  <system-out/>
</testsuite> <!-- practice.automation.hardcode.section2.MultipleElementsHandling -->
